Script started at Wed 17 Jul 2024 22:49:25 AEST
Added App/util
On branch dev
Your branch is up to date with 'origin/dev'.

Untracked files:
  (use "git add <file>..." to include in what will be committed)
	App/assets/
	App/components/
	App/config/
	App/constants/
	App/helper/
	App/hooks/
	App/screens/
	daily_commit.log
	daily_commit.sh

nothing added to commit but untracked files present (use "git add" to track)
Everything up-to-date
branch 'dev' set up to track 'origin/dev'.
Pushed to origin dev
Script ended at Wed 17 Jul 2024 22:49:26 AEST
Script started at Wed 17 Jul 2024 23:03:43 AEST
Added App/util
